<?xml version="1.0" encoding="UTF-8" ?>
<testsuite errors="0" failures="0" hostname="DesktopKirill" name="ShotTest" skipped="0" tests="9" time="0.047" timestamp="2021-05-27T07:37:33">
  <properties>
[...]
</properties>
  <testcase classname="ShotTest" name="checkTriangle" time="0.0" />
  <testcase classname="ShotTest" name="checkCircle" time="0.0" />
  <testcase classname="ShotTest" name="checkRandNegNeg" time="0.0" />
  <testcase classname="ShotTest" name="checkRandNegPos" time="0.0" />
  <testcase classname="ShotTest" name="checkAxes" time="0.0" />
  <testcase classname="ShotTest" name="checkVoid" time="0.0" />
  <testcase classname="ShotTest" name="checkRandPosNeg" time="0.0" />
  <testcase classname="ShotTest" name="checkRandPosPos" time="0.0" />
  <testcase classname="ShotTest" name="checkSquare" time="0.0" />
  <system-out><![CDATA[]]></system-out>
  <system-err><![CDATA[]]></system-err>
</testsuite>
